Software Version: 2023.1.0.6
Programmer '05004' : JTAG TCK frequency = 1 MHz
Driver : 3.0.0 build 1
programmer '05004' : FlashPro4
Opened 'C:\Users\S-SPACE\Desktop\Pratik\Libero\POEM_RS485_Controller\designer\POEM_RS485_Controller\POEM_RS485_Controller_fp\POEM_RS485_Controller.pro'
The 'open_project' command succeeded.
Info: Programming is already enabled for device 'M2S050'.
The 'enable_device' command succeeded.
PPD file 'C:/Users/S-SPACE/Desktop/Pratik/Libero/POEM_RS485_Controller/designer/POEM_RS485_Controller/POEM_RS485_Controller.ppd' has been loaded successfully.
DESIGN : POEM_RS485_Controller;  CHECKSUM : 4D21;  PDB_VERSION : 1.0
The 'set_programming_file' command succeeded.
The 'set_programming_action' command succeeded.
programmer '05004' : Scan Chain...
Programmer '05004' : JTAG TCK frequency = 1 MHz
programmer '05004' : Check Chain...
programmer '05004' : Scan and Check Chain PASSED.
programmer '05004' : device 'M2S050' : Executing action PROGRAM
Programmer '05004' : JTAG TCK frequency = 4 MHz
programmer '05004' : device 'M2S050' : Programming Interface Protocol: JTAG
programmer '05004' : device 'M2S050' : Warning: You have exceeded the maximum programming cycle count of 500 on this device. Refer to your device datasheet for more details.
programmer '05004' : device 'M2S050' : EXPORT ISC_ENABLE_RESULT[32] = 007a6744
programmer '05004' : device 'M2S050' : EXPORT CRCERR[1] = 0
programmer '05004' : device 'M2S050' : EXPORT EDCERR[1] = 0
programmer '05004' : device 'M2S050' : Programming FPGA Array...
programmer '05004' : device 'M2S050' : EXPORT Fabric component digest[256] = ccf45c77a634eb9823c5856e398f11cdd1e1f9d125845e4346e8502ec478f65f
programmer '05004' : device 'M2S050' : ===================================================================================
programmer '05004' : device 'M2S050' : EXPORT DSN[128] = 1388d8040000cd5a003b0017002a0010
programmer '05004' : device 'M2S050' : ===================================================================================
programmer '05004' : device 'M2S050' : Finished: Sun Feb 11 12:18:23 2024 (Elapsed time 00:01:03)
programmer '05004' : device 'M2S050' : Executing action PROGRAM PASSED.
programmer '05004' : Chain programming PASSED.
Chain Programming Finished: Sun Feb 11 12:18:23 2024 (Elapsed time 00:01:03)

                        o - o - o - o - o - o

The 'run_selected_actions' command succeeded.
Project saved.
The 'save_project' command succeeded.
Project closed.
The 'close_project' command succeeded.
The Execute Script command succeeded.
