
                               Synplify Pro (R) 

                Version T-2022.09M-SP2 for win64 - Mar 08, 2023 

                    Copyright (c) 1988 - 2023 Synopsys, Inc.
   This software and the associated documentation are proprietary to Synopsys,
 Inc. This software may only be used in accordance with the terms and conditions
 of a written license agreement with Synopsys, Inc. All other use, reproduction,
   or distribution of this software is strictly prohibited.  Licensed Products
     communicate with Synopsys servers for the purpose of providing software
    updates, detecting software piracy and verifying that customers are using
    Licensed Products in conformity with the applicable License Key for such
  Licensed Products. Synopsys will use information gathered in connection with
    this process to deliver software updates and pursue software pirates and
                                   infringers.

 Inclusivity & Diversity - Visit SolvNetPlus to read the "Synopsys Statement on
            Inclusivity and Diversity" (Refer to article 000036315 at
                        https://solvnetplus.synopsys.com)

Starting:    C:\Microchip\Libero_SoC_v2023.1\SynplifyPro\bin64\mbin\synbatch.exe
Install:     C:\Microchip\Libero_SoC_v2023.1\SynplifyPro
Hostname:    DESKTOP-S6GGU40
Date:        Sun Feb 11 12:12:23 2024
Version:     T-2022.09M-SP2

Arguments:   -product synplify_pro -licensetype synplifypro_actel -batch -log synplify.log POEM_RS485_Controller_syn.tcl
ProductType: synplify_pro

License checkout: synplifypro_actel
License: synplifypro_actel from server 172.20.48.13 
Licensed Vendor: actel
License Option: actel_oem

Running in Vendor Mode

"automatic_compile_point" is unrecognized option for current device
Implementation not found: synthesis
log file: "C:\Users\S-SPACE\Desktop\Pratik\Libero\POEM_RS485_Controller\synthesis\POEM_RS485_Controller.srr"
Running: synthesis in foreground

Running POEM_RS485_Controller_syn|synthesis

Running Flow: compile (Compile) on POEM_RS485_Controller_syn|synthesis
# Sun Feb 11 12:12:24 2024

Running Flow: compile_flow (Compile Process) on POEM_RS485_Controller_syn|synthesis
# Sun Feb 11 12:12:24 2024

Running: compiler (Compile Input) on POEM_RS485_Controller_syn|synthesis
# Sun Feb 11 12:12:24 2024
Copied C:\Users\S-SPACE\Desktop\Pratik\Libero\POEM_RS485_Controller\synthesis\synwork\POEM_RS485_Controller_comp.srs to C:\Users\S-SPACE\Desktop\Pratik\Libero\POEM_RS485_Controller\synthesis\POEM_RS485_Controller.srs

compiler completed
# Sun Feb 11 12:12:47 2024

Return Code: 0
Run Time:00h:00m:22s

Running: multi_srs_gen (Multi-srs Generator) on POEM_RS485_Controller_syn|synthesis
# Sun Feb 11 12:12:47 2024

multi_srs_gen completed
# Sun Feb 11 12:12:47 2024

Return Code: 0
Run Time:00h:00m:00s
Copied C:\Users\S-SPACE\Desktop\Pratik\Libero\POEM_RS485_Controller\synthesis\synwork\POEM_RS485_Controller_mult.srs to C:\Users\S-SPACE\Desktop\Pratik\Libero\POEM_RS485_Controller\synthesis\POEM_RS485_Controller.srs
Complete: Compile Process on POEM_RS485_Controller_syn|synthesis

Running: premap (Premap) on POEM_RS485_Controller_syn|synthesis
# Sun Feb 11 12:12:47 2024

premap completed with warnings
# Sun Feb 11 12:12:52 2024

Return Code: 1
Run Time:00h:00m:05s
Complete: Compile on POEM_RS485_Controller_syn|synthesis

Running Flow: map (Map) on POEM_RS485_Controller_syn|synthesis
# Sun Feb 11 12:12:52 2024
License granted for 4 parallel jobs

Running: fpga_mapper (Map & Optimize) on POEM_RS485_Controller_syn|synthesis
# Sun Feb 11 12:12:52 2024
Copied C:\Users\S-SPACE\Desktop\Pratik\Libero\POEM_RS485_Controller\synthesis\synwork\POEM_RS485_Controller_m.srm to C:\Users\S-SPACE\Desktop\Pratik\Libero\POEM_RS485_Controller\synthesis\POEM_RS485_Controller.srm

fpga_mapper completed with warnings
# Sun Feb 11 12:13:07 2024

Return Code: 1
Run Time:00h:00m:15s
Complete: Map on POEM_RS485_Controller_syn|synthesis
Complete: Logic Synthesis on POEM_RS485_Controller_syn|synthesis
Copied C:\Users\S-SPACE\Desktop\Pratik\Libero\POEM_RS485_Controller\synthesis\POEM_RS485_Controller.srr to C:\Users\S-SPACE\Desktop\Pratik\Libero\POEM_RS485_Controller\synthesis\backup\POEM_RS485_Controller.srr
TCL script complete: "POEM_RS485_Controller_syn.tcl"
exit status=0
exit status=0
License checkin: synplifypro_actel
