Synplify Pro (R) Job Log
Date: 12:13:07    11-Feb-2024
Install Directory: C:\Microchip\Libero_SoC_v2023.1\SynplifyPro

JobFlow: synthesis
   Run Start Time: 12:12:24
   Runtime: 43s
   Executable Run Time: 42 - (Sum of all child executables)
   Current Working Directory: C:\Users\S-SPACE\Desktop\Pratik\Libero\POEM_RS485_Controller\synthesis

   JobFlow: synthesis
      Run Start Time: 12:12:24
      Runtime: 43s
      Executable Run Time: 42 - (Sum of all child executables)

      JobFlow: compile
         Run Start Time: 12:12:24
         Runtime: 28s
         Executable Run Time: 27 - (Sum of all child executables)

         JobFlow: compile_flow
            Run Start Time: 12:12:24
            Runtime: 23s
            Executable Run Time: 22 - (Sum of all child executables)

            Job: compiler
               executable: bin64\c_hdl.exe
               Run Directory: C:/Users/S-SPACE/Desktop/Pratik/Libero/POEM_RS485_Controller/synthesis
               Run State: complete
               Return Code: 0
               Has Errors: no
               Run Start Time: 12:12:24
               Run Time: 23s
               Executable Run Time: 22 - (Executable run time excluding UI processing)
               Memory Usage: -
               Up-to-date (run skipped): no

            Job: multi_srs_gen
               executable: bin64\syn_nfilter.exe
               Run Directory: C:/Users/S-SPACE/Desktop/Pratik/Libero/POEM_RS485_Controller/synthesis
               Run State: complete
               Return Code: 0
               Has Errors: no
               Run Start Time: 12:12:47
               Run Time: 00s
               Executable Run Time: 0 - (Executable run time excluding UI processing)
               Memory Usage: -
               Up-to-date (run skipped): no

         Job: premap
            executable: bin64\m_generic.exe
            Run Directory: C:/Users/S-SPACE/Desktop/Pratik/Libero/POEM_RS485_Controller/synthesis
            Run State: complete
            Return Code: 1
            Has Errors: no
            Run Start Time: 12:12:47
            Run Time: 05s
            Executable Run Time: 5 - (Executable run time excluding UI processing)
            Memory Usage: -
            Up-to-date (run skipped): no

      JobFlow: map
         Run Start Time: 12:12:52
         Runtime: 15s
         Executable Run Time: 15 - (Sum of all child executables)

         Job: fpga_mapper
            executable: bin64\m_generic.exe
            Run Directory: C:/Users/S-SPACE/Desktop/Pratik/Libero/POEM_RS485_Controller/synthesis
            Run State: complete
            Return Code: 1
            Has Errors: no
            Run Start Time: 12:12:52
            Run Time: 15s
            Executable Run Time: 15 - (Executable run time excluding UI processing)
            Memory Usage: -
            Up-to-date (run skipped): no
