Resource Usage Report for POEM_RS485_Controller 

Mapping to part: m2s050vf400std
Cell usage:
CCC             1 use
CLKINT          3 uses
MSS_050         1 use
RCOSC_25_50MHZ  1 use
CFG1           6 uses
CFG2           64 uses
CFG3           63 uses
CFG4           380 uses

Carry cells:
ARI1            214 uses - used for arithmetic functions


Sequential Cells: 
SLE            265 uses

DSP Blocks:    0 of 72 (0%)

I/O ports: 6
I/O primitives: 5
INBUF          2 uses
OUTBUF         2 uses
TRIBUFF        1 use


Global Clock Buffers: 3

Total LUTs:    727

Extra resources required for RAM and MACC interface logic during P&R:

RAM64x18 Interface Logic : SLEs = 0; LUTs = 0;
RAM1K18  Interface Logic : SLEs = 36; LUTs = 36;
MACC     Interface Logic : SLEs = 0; LUTs = 0;

Total number of SLEs after P&R:  265 + 0 + 36 + 0 = 301;
Total number of LUTs after P&R:  727 + 0 + 36 + 0 = 763;

