********************************************************************
I/O Bank Report - Date: Sun Feb 11 12:15:03 2024
Product: Designer
Release: v2023.1
Version: 2023.1.0.6
Design Name: POEM_RS485_Controller
Family: SmartFusion2
Die: M2S050
Package: 484 FBGA
********************************************************************


I/O Function:

    Type                                  | w/o register  | w/ register  | w/ DDR register
    --------------------------------------|---------------|--------------|----------------
    Input I/O                             | 2             | 0            | 0
    Output I/O                            | 3             | 0            | 0
    Bidirectional I/O                     | 0             | 0            | 0
    Differential Input I/O Pairs          | 0             | 0            | 0
    Differential Output I/O Pairs         | 0             | 0            | 0

I/O Technology:

                                    |   Voltages    |             I/Os              
    --------------------------------|-------|-------|-------|--------|--------------
    I/O Standard(s)                 | Vddi  | Vref  | Input | Output | Bidirectional
    --------------------------------|-------|-------|-------|--------|--------------
    LVCMOS25                        | 2.50v | N/A   | 2     | 3      | 0            

I/O Bank Resource Usage:

          |   Voltages    | Single I/Os  | Diff I/O Pairs |        Vref I/Os        |  Type   
          |-------|-------|------|-------|-------|--------|------|-------|----------|---------
          | Vddi  | Vref  | Used | Total | Used  | Total  | Used | Total | Vref Pins|         
    ------|-------|-------|------|-------|-------|--------|------|-------|----------|---------
    Bank0 | N/A   | N/A   | 0    | 70    | 0     | 35     | N/A  | N/A   | N/A      | DDRIO   
    Bank1 | 2.50v | N/A   | 5    | 21    | 0     | 10     | N/A  | N/A   | N/A      | MSIO    
    Bank2 | N/A   | N/A   | 0    | 0     | 0     | 0      | N/A  | N/A   | N/A      | MSIO    
    Bank3 | N/A   | N/A   | 0    | 44    | 0     | 22     | N/A  | N/A   | N/A      | MSIO    
    Bank4 | N/A   | N/A   | 0    | 0     | 0     | 0      | N/A  | N/A   | N/A      | JTAG    
    Bank5 | N/A   | N/A   | 0    | 52    | 0     | 26     | N/A  | N/A   | N/A      | DDRIO   
    Bank6 | N/A   | N/A   | 0    | 4     | 0     | 2      | N/A  | N/A   | N/A      | MSIOD   
    Bank7 | N/A   | N/A   | 0    | 36    | 0     | 18     | N/A  | N/A   | N/A      | MSIOD   
    Bank8 | N/A   | N/A   | 0    | 40    | 0     | 20     | N/A  | N/A   | N/A      | MSIO    
    Bank9 | N/A   | N/A   | 0    | 0     | 0     | 0      | N/A  | N/A   | N/A      | MSIOD   

I/O Voltage Usage:

       Voltages    |     I/Os     
    -------|-------|------|-------
     Vddi  | Vref  | Used | Total 
    -------|-------|------|-------
     2.50v | N/A   | 5    | 21    

